Namespace(arch='resnet18', base_width=64, batch_size=128, data_root='../DATASETS/SVHN', dataset='SVHN', epochs=100, evaluate=False, loss='sat', lr=0.1, lr_gamma=0.1, lr_milestones=[40, 80], lr_schedule='cosine', momentum=0.9, noise_info=None, noise_rate=0.4, noise_type='random_pixels', optimizer='sgd', print_freq=50, result_dir='results/SVHN/resnet18_sat_random_pixels_r0.4_cosine_', resume='', sat_alpha=0.9, sat_es=60, save_dir='ckpts/SVHN/resnet18_sat_random_pixels_r0.4_cosine_', save_freq=0, seed=2290, start_epoch=0, train_sets='trainval', turn_off_aug=False, use_refined_label=False, val_sets=['test_set'], weight_decay=0.0005, workers=4)
Using downloaded and verified file: ../DATASETS/SVHN/train_32x32.mat
data shape: (73257, 3, 32, 32)
Using downloaded and verified file: ../DATASETS/SVHN/test_32x32.mat
data shape: (26032, 3, 32, 32)
Randomizing 40.0 percent of images with `random_pixels` scheme.
Noise info is saved to ckpts/SVHN/resnet18_sat_random_pixels_r0.4_cosine_
Size of dataset: 73257.
Using `SGD` optimizer
Using `cosine` schedule
****************************************
/opt/conda/lib/python3.6/site-packages/torch/optim/lr_scheduler.py:136: UserWarning: Detected call of `lr_scheduler.step()` before `optimizer.step()`. In PyTorch 1.1.0 and later, you should call them in the opposite order: `optimizer.step()` before `lr_scheduler.step()`.  Failure to do this will result in PyTorch skipping the first value of the learning rate schedule. See more details at https://pytorch.org/docs/stable/optim.html#how-to-adjust-learning-rate
  "https://pytorch.org/docs/stable/optim.html#how-to-adjust-learning-rate", UserWarning)
/opt/conda/lib/python3.6/site-packages/torch/optim/lr_scheduler.py:156: UserWarning: The epoch parameter in `scheduler.step()` was not necessary and is being deprecated where possible. Please use `scheduler.step()` to step the scheduler. During the deprecation, if epoch is different from None, the closed form is used instead of the new chainable form, where available. Please open an issue if you are unable to replicate your use case: https://github.com/pytorch/pytorch/issues/new/choose.
  warnings.warn(EPOCH_DEPRECATION_WARNING, UserWarning)
Epoch: [0][50/573]	LR 0.100000	Time 0.224 (0.278)	Data 0.000 (0.007)	Loss 2.2475 (3.1780)	Prec@1 24.219 (17.047)
Epoch: [0][100/573]	LR 0.100000	Time 0.223 (0.247)	Data 0.000 (0.004)	Loss 2.2584 (2.7152)	Prec@1 19.531 (18.016)
Epoch: [0][150/573]	LR 0.100000	Time 0.194 (0.238)	Data 0.000 (0.003)	Loss 2.2682 (2.5590)	Prec@1 17.969 (18.125)
Epoch: [0][200/573]	LR 0.100000	Time 0.224 (0.234)	Data 0.000 (0.002)	Loss 2.2243 (2.4790)	Prec@1 21.875 (18.195)
Epoch: [0][250/573]	LR 0.100000	Time 0.224 (0.232)	Data 0.000 (0.002)	Loss 2.2151 (2.4324)	Prec@1 19.531 (18.222)
Epoch: [0][300/573]	LR 0.100000	Time 0.225 (0.231)	Data 0.000 (0.001)	Loss 2.2621 (2.4003)	Prec@1 18.750 (18.411)
Epoch: [0][350/573]	LR 0.100000	Time 0.223 (0.230)	Data 0.000 (0.001)	Loss 2.2625 (2.3766)	Prec@1 16.406 (18.518)
Epoch: [0][400/573]	LR 0.100000	Time 0.268 (0.234)	Data 0.000 (0.001)	Loss 2.2160 (2.3589)	Prec@1 23.438 (18.607)
Epoch: [0][450/573]	LR 0.100000	Time 0.268 (0.238)	Data 0.000 (0.001)	Loss 2.2540 (2.3449)	Prec@1 16.406 (18.672)
Epoch: [0][500/573]	LR 0.100000	Time 0.268 (0.240)	Data 0.000 (0.001)	Loss 2.2267 (2.3340)	Prec@1 17.188 (18.681)
Epoch: [0][550/573]	LR 0.100000	Time 0.269 (0.242)	Data 0.000 (0.001)	Loss 2.2501 (2.3254)	Prec@1 18.750 (18.703)
Epoch: [0][573/573]	LR 0.100000	Time 2.295 (0.247)	Data 0.000 (0.001)	Loss 2.1954 (2.3218)	Prec@1 17.073 (18.700)
****************************************
test_set:	 * Prec@1 19.534
****************************************
Epoch: [1][50/573]	LR 0.099975	Time 0.269 (0.275)	Data 0.000 (0.007)	Loss 2.2267 (2.2327)	Prec@1 17.188 (19.203)
Epoch: [1][100/573]	LR 0.099975	Time 0.267 (0.271)	Data 0.000 (0.004)	Loss 2.1642 (2.2340)	Prec@1 25.781 (19.281)
Epoch: [1][150/573]	LR 0.099975	Time 0.269 (0.268)	Data 0.000 (0.003)	Loss 2.2363 (2.2331)	Prec@1 18.750 (19.255)
Epoch: [1][200/573]	LR 0.099975	Time 0.268 (0.268)	Data 0.000 (0.002)	Loss 2.2151 (2.2355)	Prec@1 21.875 (19.074)
Epoch: [1][250/573]	LR 0.099975	Time 0.267 (0.269)	Data 0.000 (0.002)	Loss 2.2246 (2.2368)	Prec@1 17.188 (18.972)
Epoch: [1][300/573]	LR 0.099975	Time 0.268 (0.267)	Data 0.000 (0.001)	Loss 2.1854 (2.2369)	Prec@1 21.875 (18.922)
Epoch: [1][350/573]	LR 0.099975	Time 0.268 (0.267)	Data 0.000 (0.001)	Loss 2.1910 (2.2364)	Prec@1 30.469 (18.958)
Epoch: [1][400/573]	LR 0.099975	Time 0.269 (0.267)	Data 0.000 (0.001)	Loss 2.2550 (2.2368)	Prec@1 16.406 (18.941)
Epoch: [1][450/573]	LR 0.099975	Time 0.267 (0.267)	Data 0.000 (0.001)	Loss 2.2295 (2.2356)	Prec@1 21.094 (18.979)
Epoch: [1][500/573]	LR 0.099975	Time 0.267 (0.267)	Data 0.000 (0.001)	Loss 2.2219 (2.2346)	Prec@1 18.750 (18.998)
Epoch: [1][550/573]	LR 0.099975	Time 0.267 (0.267)	Data 0.000 (0.001)	Loss 2.2147 (2.2324)	Prec@1 17.969 (19.087)
Epoch: [1][573/573]	LR 0.099975	Time 0.120 (0.266)	Data 0.000 (0.001)	Loss 2.2511 (2.2302)	Prec@1 14.634 (19.266)
****************************************
test_set:	 * Prec@1 23.602
****************************************
Epoch: [2][50/573]	LR 0.099901	Time 0.269 (0.273)	Data 0.000 (0.005)	Loss 2.0966 (2.1401)	Prec@1 27.344 (24.062)
Epoch: [2][100/573]	LR 0.099901	Time 0.268 (0.270)	Data 0.000 (0.002)	Loss 1.9449 (2.0996)	Prec@1 35.938 (25.867)
Epoch: [2][150/573]	LR 0.099901	Time 0.269 (0.269)	Data 0.000 (0.002)	Loss 1.9980 (2.0720)	Prec@1 26.562 (26.672)
Epoch: [2][200/573]	LR 0.099901	Time 0.270 (0.269)	Data 0.000 (0.001)	Loss 1.9344 (2.0402)	Prec@1 31.250 (27.734)
Epoch: [2][250/573]	LR 0.099901	Time 0.269 (0.269)	Data 0.000 (0.001)	Loss 1.7100 (2.0007)	Prec@1 42.188 (29.144)
Epoch: [2][300/573]	LR 0.099901	Time 0.268 (0.269)	Data 0.000 (0.001)	Loss 1.5684 (1.9629)	Prec@1 45.312 (30.583)
Epoch: [2][350/573]	LR 0.099901	Time 0.268 (0.269)	Data 0.000 (0.001)	Loss 1.6414 (1.9195)	Prec@1 36.719 (32.127)
Epoch: [2][400/573]	LR 0.099901	Time 0.269 (0.268)	Data 0.000 (0.001)	Loss 1.4225 (1.8727)	Prec@1 53.906 (33.895)
Epoch: [2][450/573]	LR 0.099901	Time 0.268 (0.268)	Data 0.000 (0.001)	Loss 1.2790 (1.8225)	Prec@1 60.156 (35.651)
Epoch: [2][500/573]	LR 0.099901	Time 0.268 (0.268)	Data 0.000 (0.001)	Loss 1.1551 (1.7703)	Prec@1 57.031 (37.569)
Epoch: [2][550/573]	LR 0.099901	Time 0.267 (0.268)	Data 0.000 (0.001)	Loss 1.1657 (1.7189)	Prec@1 54.688 (39.422)
Epoch: [2][573/573]	LR 0.099901	Time 0.119 (0.267)	Data 0.000 (0.001)	Loss 1.3189 (1.6974)	Prec@1 60.976 (40.175)
****************************************
test_set:	 * Prec@1 74.282
****************************************
Epoch: [3][50/573]	LR 0.099778	Time 0.269 (0.273)	Data 0.000 (0.004)	Loss 1.1328 (1.1295)	Prec@1 58.594 (61.031)
Epoch: [3][100/573]	LR 0.099778	Time 0.267 (0.270)	Data 0.000 (0.002)	Loss 0.9913 (1.1197)	Prec@1 67.188 (60.977)
Epoch: [3][150/573]	LR 0.099778	Time 0.269 (0.269)	Data 0.000 (0.002)	Loss 1.1597 (1.1087)	Prec@1 61.719 (61.438)
Epoch: [3][200/573]	LR 0.099778	Time 0.269 (0.269)	Data 0.000 (0.001)	Loss 1.0376 (1.0971)	Prec@1 65.625 (61.797)
Epoch: [3][250/573]	LR 0.099778	Time 0.268 (0.269)	Data 0.000 (0.001)	Loss 1.0263 (1.0885)	Prec@1 59.375 (62.131)
Epoch: [3][300/573]	LR 0.099778	Time 0.268 (0.269)	Data 0.000 (0.001)	Loss 1.1851 (1.0837)	Prec@1 57.812 (62.268)
Epoch: [3][350/573]	LR 0.099778	Time 0.267 (0.268)	Data 0.000 (0.001)	Loss 1.0206 (1.0708)	Prec@1 63.281 (62.710)
Epoch: [3][400/573]	LR 0.099778	Time 0.269 (0.268)	Data 0.000 (0.001)	Loss 0.9028 (1.0610)	Prec@1 72.656 (63.104)
Epoch: [3][450/573]	LR 0.099778	Time 0.266 (0.268)	Data 0.000 (0.001)	Loss 1.0661 (1.0523)	Prec@1 60.938 (63.392)
Epoch: [3][500/573]	LR 0.099778	Time 0.267 (0.268)	Data 0.000 (0.001)	Loss 0.9472 (1.0498)	Prec@1 67.969 (63.441)
Epoch: [3][550/573]	LR 0.099778	Time 0.266 (0.267)	Data 0.000 (0.001)	Loss 0.9740 (1.0385)	Prec@1 67.188 (63.827)
Epoch: [3][573/573]	LR 0.099778	Time 0.122 (0.267)	Data 0.000 (0.001)	Loss 1.2162 (1.0362)	Prec@1 58.537 (63.901)
****************************************
test_set:	 * Prec@1 83.493
****************************************
Epoch: [4][50/573]	LR 0.099606	Time 0.269 (0.273)	Data 0.000 (0.004)	Loss 1.0427 (0.9629)	Prec@1 61.719 (65.922)
Epoch: [4][100/573]	LR 0.099606	Time 0.267 (0.270)	Data 0.000 (0.002)	Loss 0.9105 (0.9477)	Prec@1 69.531 (66.812)
Epoch: [4][150/573]	LR 0.099606	Time 0.269 (0.269)	Data 0.000 (0.001)	Loss 0.9768 (0.9362)	Prec@1 65.625 (67.365)
Epoch: [4][200/573]	LR 0.099606	Time 0.269 (0.269)	Data 0.000 (0.001)	Loss 1.0301 (0.9403)	Prec@1 66.406 (67.215)
Epoch: [4][250/573]	LR 0.099606	Time 0.269 (0.269)	Data 0.000 (0.001)	Loss 0.9644 (0.9382)	Prec@1 66.406 (67.350)
Epoch: [4][300/573]	LR 0.099606	Time 0.255 (0.269)	Data 0.000 (0.001)	Loss 0.8634 (0.9353)	Prec@1 70.312 (67.448)
Epoch: [4][350/573]	LR 0.099606	Time 0.267 (0.269)	Data 0.000 (0.001)	Loss 0.8748 (0.9340)	Prec@1 67.969 (67.491)
Epoch: [4][400/573]	LR 0.099606	Time 0.269 (0.268)	Data 0.000 (0.001)	Loss 0.7629 (0.9323)	Prec@1 68.750 (67.516)
Epoch: [4][450/573]	LR 0.099606	Time 0.268 (0.268)	Data 0.000 (0.001)	Loss 1.0680 (0.9314)	Prec@1 62.500 (67.582)
Epoch: [4][500/573]	LR 0.099606	Time 0.267 (0.268)	Data 0.000 (0.001)	Loss 0.9306 (0.9274)	Prec@1 64.062 (67.709)
Epoch: [4][550/573]	LR 0.099606	Time 0.267 (0.268)	Data 0.000 (0.001)	Loss 0.9463 (0.9244)	Prec@1 63.281 (67.797)
Epoch: [4][573/573]	LR 0.099606	Time 0.120 (0.267)	Data 0.000 (0.001)	Loss 1.0963 (0.9254)	Prec@1 65.854 (67.791)
****************************************
test_set:	 * Prec@1 85.725
****************************************
Epoch: [5][50/573]	LR 0.099384	Time 0.269 (0.273)	Data 0.000 (0.004)	Loss 0.7577 (0.8824)	Prec@1 77.344 (69.500)
Epoch: [5][100/573]	LR 0.099384	Time 0.268 (0.270)	Data 0.000 (0.002)	Loss 0.7627 (0.8706)	Prec@1 74.219 (69.727)
Epoch: [5][150/573]	LR 0.099384	Time 0.268 (0.269)	Data 0.000 (0.001)	Loss 0.8544 (0.8771)	Prec@1 70.312 (69.646)
Epoch: [5][200/573]	LR 0.099384	Time 0.269 (0.269)	Data 0.000 (0.001)	Loss 0.8813 (0.8784)	Prec@1 67.969 (69.711)
Epoch: [5][250/573]	LR 0.099384	Time 0.269 (0.269)	Data 0.000 (0.001)	Loss 0.7829 (0.8767)	Prec@1 71.875 (69.616)
Epoch: [5][300/573]	LR 0.099384	Time 0.230 (0.269)	Data 0.000 (0.001)	Loss 0.8397 (0.8726)	Prec@1 72.656 (69.763)
Epoch: [5][350/573]	LR 0.099384	Time 0.266 (0.269)	Data 0.000 (0.001)	Loss 0.7829 (0.8733)	Prec@1 75.781 (69.808)
Epoch: [5][400/573]	LR 0.099384	Time 0.269 (0.268)	Data 0.000 (0.001)	Loss 0.9646 (0.8698)	Prec@1 69.531 (69.932)
Epoch: [5][450/573]	LR 0.099384	Time 0.268 (0.268)	Data 0.000 (0.001)	Loss 0.9203 (0.8705)	Prec@1 72.656 (69.887)
Epoch: [5][500/573]	LR 0.099384	Time 0.268 (0.268)	Data 0.000 (0.001)	Loss 0.7044 (0.8695)	Prec@1 79.688 (69.947)
Epoch: [5][550/573]	LR 0.099384	Time 0.267 (0.268)	Data 0.000 (0.001)	Loss 0.9225 (0.8705)	Prec@1 65.625 (69.933)
Epoch: [5][573/573]	LR 0.099384	Time 0.122 (0.267)	Data 0.000 (0.001)	Loss 0.7079 (0.8698)	Prec@1 65.854 (69.982)
****************************************
test_set:	 * Prec@1 89.336
****************************************
Epoch: [6][50/573]	LR 0.099114	Time 0.269 (0.273)	Data 0.000 (0.004)	Loss 0.9122 (0.8451)	Prec@1 70.312 (71.266)
Epoch: [6][100/573]	LR 0.099114	Time 0.267 (0.270)	Data 0.000 (0.002)	Loss 0.8200 (0.8624)	Prec@1 68.750 (70.578)
Epoch: [6][150/573]	LR 0.099114	Time 0.270 (0.269)	Data 0.000 (0.001)	Loss 0.7353 (0.8492)	Prec@1 74.219 (70.870)
Epoch: [6][200/573]	LR 0.099114	Time 0.269 (0.269)	Data 0.000 (0.001)	Loss 0.9521 (0.8493)	Prec@1 63.281 (70.910)
Epoch: [6][250/573]	LR 0.099114	Time 0.269 (0.269)	Data 0.000 (0.001)	Loss 0.9024 (0.8438)	Prec@1 65.625 (70.944)
Epoch: [6][300/573]	LR 0.099114	Time 0.242 (0.269)	Data 0.000 (0.001)	Loss 0.7824 (0.8437)	Prec@1 74.219 (70.958)
Epoch: [6][350/573]	LR 0.099114	Time 0.268 (0.269)	Data 0.000 (0.001)	Loss 0.7020 (0.8402)	Prec@1 76.562 (71.098)
Epoch: [6][400/573]	LR 0.099114	Time 0.269 (0.268)	Data 0.000 (0.001)	Loss 0.7552 (0.8376)	Prec@1 67.969 (71.270)
Epoch: [6][450/573]	LR 0.099114	Time 0.267 (0.268)	Data 0.000 (0.001)	Loss 0.9987 (0.8378)	Prec@1 64.062 (71.293)
Epoch: [6][500/573]	LR 0.099114	Time 0.267 (0.268)	Data 0.000 (0.001)	Loss 0.8340 (0.8367)	Prec@1 71.094 (71.355)
Epoch: [6][550/573]	LR 0.099114	Time 0.267 (0.267)	Data 0.000 (0.001)	Loss 0.7228 (0.8363)	Prec@1 67.969 (71.325)
Epoch: [6][573/573]	LR 0.099114	Time 0.121 (0.267)	Data 0.000 (0.001)	Loss 0.8278 (0.8389)	Prec@1 70.732 (71.244)
****************************************
test_set:	 * Prec@1 87.765
****************************************
Epoch: [7][50/573]	LR 0.098796	Time 0.269 (0.273)	Data 0.000 (0.005)	Loss 0.7473 (0.8277)	Prec@1 75.000 (72.156)
Epoch: [7][100/573]	LR 0.098796	Time 0.267 (0.270)	Data 0.000 (0.002)	Loss 0.8189 (0.8292)	Prec@1 70.312 (71.656)
Epoch: [7][150/573]	LR 0.098796	Time 0.269 (0.268)	Data 0.000 (0.002)	Loss 0.8340 (0.8232)	Prec@1 73.438 (71.917)
Epoch: [7][200/573]	LR 0.098796	Time 0.269 (0.268)	Data 0.000 (0.001)	Loss 0.7918 (0.8196)	Prec@1 73.438 (71.996)
Epoch: [7][250/573]	LR 0.098796	Time 0.269 (0.268)	Data 0.000 (0.001)	Loss 0.7524 (0.8142)	Prec@1 71.094 (72.216)
Epoch: [7][300/573]	LR 0.098796	Time 0.231 (0.268)	Data 0.000 (0.001)	Loss 0.7402 (0.8154)	Prec@1 75.000 (72.091)
Epoch: [7][350/573]	LR 0.098796	Time 0.267 (0.268)	Data 0.000 (0.001)	Loss 0.8928 (0.8171)	Prec@1 73.438 (72.089)
Epoch: [7][400/573]	LR 0.098796	Time 0.269 (0.268)	Data 0.000 (0.001)	Loss 1.0036 (0.8200)	Prec@1 62.500 (71.963)
Epoch: [7][450/573]	LR 0.098796	Time 0.268 (0.268)	Data 0.000 (0.001)	Loss 0.9019 (0.8211)	Prec@1 70.312 (71.932)
Epoch: [7][500/573]	LR 0.098796	Time 0.268 (0.267)	Data 0.000 (0.001)	Loss 0.8200 (0.8193)	Prec@1 69.531 (71.961)
Epoch: [7][550/573]	LR 0.098796	Time 0.267 (0.267)	Data 0.000 (0.001)	Loss 0.8231 (0.8181)	Prec@1 67.188 (71.982)
Epoch: [7][573/573]	LR 0.098796	Time 0.133 (0.267)	Data 0.000 (0.001)	Loss 0.8319 (0.8179)	Prec@1 75.610 (71.988)
****************************************
test_set:	 * Prec@1 88.599
****************************************
Epoch: [8][50/573]	LR 0.098429	Time 0.269 (0.275)	Data 0.000 (0.006)	Loss 0.8237 (0.7941)	Prec@1 68.750 (73.000)
Epoch: [8][100/573]	LR 0.098429	Time 0.270 (0.272)	Data 0.000 (0.003)	Loss 0.9141 (0.8062)	Prec@1 68.750 (72.602)
Epoch: [8][150/573]	LR 0.098429	Time 0.295 (0.270)	Data 0.000 (0.002)	Loss 0.6712 (0.7987)	Prec@1 78.906 (73.036)
Epoch: [8][200/573]	LR 0.098429	Time 0.314 (0.280)	Data 0.000 (0.002)	Loss 0.8250 (0.8000)	Prec@1 72.656 (72.793)
Epoch: [8][250/573]	LR 0.098429	Time 0.313 (0.287)	Data 0.000 (0.002)	Loss 0.6980 (0.8002)	Prec@1 76.562 (72.678)
Epoch: [8][300/573]	LR 0.098429	Time 0.311 (0.302)	Data 0.000 (0.003)	Loss 0.7199 (0.7976)	Prec@1 71.875 (72.768)
Epoch: [8][350/573]	LR 0.098429	Time 0.316 (0.304)	Data 0.000 (0.004)	Loss 0.7735 (0.7998)	Prec@1 72.656 (72.734)
Epoch: [8][400/573]	LR 0.098429	Time 0.511 (0.306)	Data 0.012 (0.003)	Loss 0.8709 (0.8001)	Prec@1 71.094 (72.746)
Epoch: [8][450/573]	LR 0.098429	Time 0.358 (0.315)	Data 0.001 (0.004)	Loss 0.7896 (0.7993)	Prec@1 71.094 (72.740)
Epoch: [8][500/573]	LR 0.098429	Time 0.359 (0.319)	Data 0.002 (0.004)	Loss 1.0287 (0.8018)	Prec@1 62.500 (72.619)
Epoch: [8][550/573]	LR 0.098429	Time 0.401 (0.324)	Data 0.000 (0.003)	Loss 0.8016 (0.8002)	Prec@1 74.219 (72.661)
Epoch: [8][573/573]	LR 0.098429	Time 0.181 (0.327)	Data 0.000 (0.003)	Loss 0.6379 (0.7991)	Prec@1 75.610 (72.682)
****************************************
test_set:	 * Prec@1 90.216
****************************************
Epoch: [9][50/573]	LR 0.098015	Time 0.404 (0.410)	Data 0.000 (0.006)	Loss 0.8577 (0.8015)	Prec@1 73.438 (73.000)
Epoch: [9][100/573]	LR 0.098015	Time 0.401 (0.402)	Data 0.000 (0.003)	Loss 0.7236 (0.7886)	Prec@1 74.219 (73.312)
Epoch: [9][150/573]	LR 0.098015	Time 0.404 (0.400)	Data 0.000 (0.002)	Loss 0.7112 (0.7864)	Prec@1 76.562 (73.417)
Epoch: [9][200/573]	LR 0.098015	Time 0.404 (0.401)	Data 0.000 (0.002)	Loss 0.8921 (0.7873)	Prec@1 72.656 (73.445)
Epoch: [9][250/573]	LR 0.098015	Time 0.404 (0.401)	Data 0.000 (0.001)	Loss 0.7063 (0.7855)	Prec@1 77.344 (73.506)
Epoch: [9][300/573]	LR 0.098015	Time 0.401 (0.401)	Data 0.000 (0.001)	Loss 0.8213 (0.7835)	Prec@1 69.531 (73.482)
Epoch: [9][350/573]	LR 0.098015	Time 0.401 (0.400)	Data 0.000 (0.001)	Loss 0.7545 (0.7820)	Prec@1 69.531 (73.491)
Epoch: [9][400/573]	LR 0.098015	Time 0.403 (0.400)	Data 0.000 (0.001)	Loss 0.8215 (0.7811)	Prec@1 76.562 (73.533)
Epoch: [9][450/573]	LR 0.098015	Time 0.401 (0.400)	Data 0.000 (0.001)	Loss 0.8278 (0.7778)	Prec@1 71.875 (73.542)
Epoch: [9][500/573]	LR 0.098015	Time 0.401 (0.399)	Data 0.000 (0.001)	Loss 0.6956 (0.7816)	Prec@1 75.000 (73.400)
Epoch: [9][550/573]	LR 0.098015	Time 0.402 (0.399)	Data 0.000 (0.001)	Loss 0.6729 (0.7816)	Prec@1 78.906 (73.438)
Epoch: [9][573/573]	LR 0.098015	Time 0.180 (0.398)	Data 0.000 (0.001)	Loss 0.6265 (0.7813)	Prec@1 82.927 (73.437)
****************************************
test_set:	 * Prec@1 88.207
****************************************
Epoch: [10][50/573]	LR 0.097553	Time 0.404 (0.409)	Data 0.000 (0.006)	Loss 0.6717 (0.7764)	Prec@1 76.562 (74.641)
Epoch: [10][100/573]	LR 0.097553	Time 0.401 (0.405)	Data 0.000 (0.003)	Loss 0.9666 (0.7739)	Prec@1 67.188 (74.352)
Epoch: [10][150/573]	LR 0.097553	Time 0.403 (0.403)	Data 0.000 (0.002)	Loss 0.8693 (0.7791)	Prec@1 70.312 (73.807)
Epoch: [10][200/573]	LR 0.097553	Time 0.403 (0.403)	Data 0.000 (0.002)	Loss 0.6916 (0.7758)	Prec@1 72.656 (73.789)
Epoch: [10][250/573]	LR 0.097553	Time 0.403 (0.403)	Data 0.000 (0.001)	Loss 0.8958 (0.7730)	Prec@1 69.531 (73.838)
Epoch: [10][300/573]	LR 0.097553	Time 0.402 (0.403)	Data 0.000 (0.001)	Loss 0.7943 (0.7742)	Prec@1 71.875 (73.716)
Epoch: [10][350/573]	LR 0.097553	Time 0.385 (0.402)	Data 0.000 (0.001)	Loss 0.6709 (0.7713)	Prec@1 80.469 (73.821)
Epoch: [10][400/573]	LR 0.097553	Time 0.401 (0.402)	Data 0.000 (0.001)	Loss 0.7397 (0.7719)	Prec@1 77.344 (73.818)
Epoch: [10][450/573]	LR 0.097553	Time 0.400 (0.402)	Data 0.000 (0.001)	Loss 0.8016 (0.7702)	Prec@1 75.000 (73.898)
Epoch: [10][500/573]	LR 0.097553	Time 0.400 (0.402)	Data 0.000 (0.001)	Loss 0.6296 (0.7675)	Prec@1 76.562 (73.975)
Epoch: [10][550/573]	LR 0.097553	Time 0.402 (0.401)	Data 0.000 (0.001)	Loss 0.8799 (0.7692)	Prec@1 70.312 (73.889)
Epoch: [10][573/573]	LR 0.097553	Time 0.180 (0.401)	Data 0.000 (0.001)	Loss 0.9983 (0.7694)	Prec@1 63.415 (73.899)
****************************************
test_set:	 * Prec@1 89.067
****************************************
Epoch: [11][50/573]	LR 0.097044	Time 0.405 (0.407)	Data 0.000 (0.004)	Loss 0.6757 (0.7650)	Prec@1 77.344 (74.062)
Epoch: [11][100/573]	LR 0.097044	Time 0.401 (0.404)	Data 0.000 (0.002)	Loss 0.6486 (0.7627)	Prec@1 75.781 (74.125)
Epoch: [11][150/573]	LR 0.097044	Time 0.404 (0.402)	Data 0.000 (0.001)	Loss 0.7559 (0.7597)	Prec@1 72.656 (74.432)
Epoch: [11][200/573]	LR 0.097044	Time 0.404 (0.402)	Data 0.000 (0.001)	Loss 0.8087 (0.7593)	Prec@1 72.656 (74.418)
Epoch: [11][250/573]	LR 0.097044	Time 0.404 (0.403)	Data 0.000 (0.001)	Loss 0.9493 (0.7535)	Prec@1 66.406 (74.666)
Epoch: [11][300/573]	LR 0.097044	Time 0.402 (0.403)	Data 0.000 (0.001)	Loss 0.8118 (0.7552)	Prec@1 71.094 (74.604)
Epoch: [11][350/573]	LR 0.097044	Time 0.404 (0.402)	Data 0.000 (0.001)	Loss 0.6088 (0.7537)	Prec@1 78.906 (74.536)
Epoch: [11][400/573]	LR 0.097044	Time 0.402 (0.402)	Data 0.000 (0.001)	Loss 0.7367 (0.7535)	Prec@1 75.781 (74.473)
Epoch: [11][450/573]	LR 0.097044	Time 0.400 (0.402)	Data 0.000 (0.001)	Loss 0.9208 (0.7546)	Prec@1 67.969 (74.432)
Epoch: [11][500/573]	LR 0.097044	Time 0.401 (0.401)	Data 0.000 (0.001)	Loss 0.7290 (0.7546)	Prec@1 75.000 (74.453)
Epoch: [11][550/573]	LR 0.097044	Time 0.403 (0.401)	Data 0.000 (0.001)	Loss 0.7083 (0.7561)	Prec@1 76.562 (74.379)
Epoch: [11][573/573]	LR 0.097044	Time 0.182 (0.401)	Data 0.000 (0.001)	Loss 1.4471 (0.7556)	Prec@1 63.415 (74.366)
****************************************
test_set:	 * Prec@1 88.314
****************************************
Epoch: [12][50/573]	LR 0.096489	Time 0.403 (0.408)	Data 0.000 (0.005)	Loss 0.7126 (0.7620)	Prec@1 74.219 (74.484)
Epoch: [12][100/573]	LR 0.096489	Time 0.400 (0.404)	Data 0.000 (0.002)	Loss 0.7008 (0.7696)	Prec@1 78.906 (73.773)
Epoch: [12][150/573]	LR 0.096489	Time 0.404 (0.402)	Data 0.000 (0.002)	Loss 0.5428 (0.7537)	Prec@1 83.594 (74.286)
Epoch: [12][200/573]	LR 0.096489	Time 0.404 (0.403)	Data 0.000 (0.001)	Loss 0.6809 (0.7496)	Prec@1 76.562 (74.629)
Epoch: [12][250/573]	LR 0.096489	Time 0.403 (0.403)	Data 0.000 (0.001)	Loss 0.6456 (0.7449)	Prec@1 79.688 (74.791)
Epoch: [12][300/573]	LR 0.096489	Time 0.402 (0.403)	Data 0.000 (0.001)	Loss 0.8692 (0.7497)	Prec@1 75.781 (74.609)
Epoch: [12][350/573]	LR 0.096489	Time 0.404 (0.403)	Data 0.000 (0.001)	Loss 0.8832 (0.7497)	Prec@1 70.312 (74.592)
Epoch: [12][400/573]	LR 0.096489	Time 0.402 (0.402)	Data 0.000 (0.001)	Loss 0.5451 (0.7495)	Prec@1 84.375 (74.547)
Epoch: [12][450/573]	LR 0.096489	Time 0.400 (0.402)	Data 0.000 (0.001)	Loss 0.6073 (0.7477)	Prec@1 78.125 (74.582)
Epoch: [12][500/573]	LR 0.096489	Time 0.400 (0.402)	Data 0.000 (0.001)	Loss 0.7478 (0.7477)	Prec@1 74.219 (74.622)
Epoch: [12][550/573]	LR 0.096489	Time 0.402 (0.401)	Data 0.000 (0.001)	Loss 0.6610 (0.7471)	Prec@1 77.344 (74.641)
Epoch: [12][573/573]	LR 0.096489	Time 0.181 (0.401)	Data 0.000 (0.001)	Loss 0.9240 (0.7477)	Prec@1 60.976 (74.635)
****************************************
test_set:	 * Prec@1 91.626
****************************************
Epoch: [13][50/573]	LR 0.095888	Time 0.404 (0.408)	Data 0.000 (0.005)	Loss 0.7311 (0.7215)	Prec@1 76.562 (75.422)
Epoch: [13][100/573]	LR 0.095888	Time 0.400 (0.405)	Data 0.000 (0.003)	Loss 0.9168 (0.7346)	Prec@1 69.531 (74.953)
Epoch: [13][150/573]	LR 0.095888	Time 0.404 (0.402)	Data 0.000 (0.002)	Loss 0.8591 (0.7448)	Prec@1 68.750 (74.479)
Epoch: [13][200/573]	LR 0.095888	Time 0.404 (0.402)	Data 0.000 (0.001)	Loss 0.6892 (0.7410)	Prec@1 74.219 (74.492)
Epoch: [13][250/573]	LR 0.095888	Time 0.404 (0.403)	Data 0.000 (0.001)	Loss 0.8527 (0.7416)	Prec@1 69.531 (74.588)
Epoch: [13][300/573]	LR 0.095888	Time 0.403 (0.403)	Data 0.000 (0.001)	Loss 0.7203 (0.7412)	Prec@1 75.781 (74.531)
Epoch: [13][350/573]	LR 0.095888	Time 0.404 (0.402)	Data 0.000 (0.001)	Loss 0.5607 (0.7423)	Prec@1 83.594 (74.565)
Epoch: [13][400/573]	LR 0.095888	Time 0.402 (0.402)	Data 0.000 (0.001)	Loss 0.7310 (0.7408)	Prec@1 78.906 (74.635)
Epoch: [13][450/573]	LR 0.095888	Time 0.401 (0.402)	Data 0.000 (0.001)	Loss 0.7524 (0.7399)	Prec@1 74.219 (74.642)
Epoch: [13][500/573]	LR 0.095888	Time 0.400 (0.401)	Data 0.000 (0.001)	Loss 0.6802 (0.7411)	Prec@1 75.000 (74.633)
Epoch: [13][550/573]	LR 0.095888	Time 0.402 (0.401)	Data 0.000 (0.001)	Loss 0.6435 (0.7405)	Prec@1 77.344 (74.739)
Epoch: [13][573/573]	LR 0.095888	Time 0.180 (0.401)	Data 0.000 (0.001)	Loss 0.6663 (0.7393)	Prec@1 73.171 (74.822)
****************************************
test_set:	 * Prec@1 92.440
****************************************
Epoch: [14][50/573]	LR 0.095241	Time 0.404 (0.409)	Data 0.000 (0.005)	Loss 0.7898 (0.7428)	Prec@1 75.781 (74.641)
Epoch: [14][100/573]	LR 0.095241	Time 0.399 (0.405)	Data 0.000 (0.003)	Loss 0.8191 (0.7402)	Prec@1 68.750 (74.445)
Epoch: [14][150/573]	LR 0.095241	Time 0.404 (0.403)	Data 0.000 (0.002)	Loss 0.7882 (0.7390)	Prec@1 71.875 (74.516)
Epoch: [14][200/573]	LR 0.095241	Time 0.404 (0.403)	Data 0.000 (0.001)	Loss 0.8162 (0.7401)	Prec@1 68.750 (74.531)
Epoch: [14][250/573]	LR 0.095241	Time 0.405 (0.403)	Data 0.000 (0.001)	Loss 0.5911 (0.7341)	Prec@1 82.031 (74.856)
Epoch: [14][300/573]	LR 0.095241	Time 0.402 (0.403)	Data 0.000 (0.001)	Loss 0.7262 (0.7316)	Prec@1 78.125 (74.997)
Epoch: [14][350/573]	LR 0.095241	Time 0.404 (0.403)	Data 0.000 (0.001)	Loss 0.7964 (0.7374)	Prec@1 73.438 (74.859)
Epoch: [14][400/573]	LR 0.095241	Time 0.401 (0.403)	Data 0.000 (0.001)	Loss 0.7152 (0.7332)	Prec@1 75.000 (75.064)
Epoch: [14][450/573]	LR 0.095241	Time 0.400 (0.402)	Data 0.000 (0.001)	Loss 0.7271 (0.7312)	Prec@1 75.781 (75.148)
Epoch: [14][500/573]	LR 0.095241	Time 0.399 (0.402)	Data 0.000 (0.001)	Loss 0.6083 (0.7327)	Prec@1 83.594 (75.158)
Epoch: [14][550/573]	LR 0.095241	Time 0.401 (0.402)	Data 0.000 (0.001)	Loss 0.6202 (0.7341)	Prec@1 78.125 (75.135)
Epoch: [14][573/573]	LR 0.095241	Time 0.181 (0.401)	Data 0.000 (0.001)	Loss 0.3820 (0.7346)	Prec@1 90.244 (75.122)
****************************************
test_set:	 * Prec@1 90.896
****************************************
Epoch: [15][50/573]	LR 0.094550	Time 0.404 (0.408)	Data 0.000 (0.005)	Loss 0.6742 (0.7211)	Prec@1 79.688 (75.328)
Epoch: [15][100/573]	LR 0.094550	Time 0.401 (0.404)	Data 0.000 (0.002)	Loss 0.8305 (0.7197)	Prec@1 72.656 (75.438)
Epoch: [15][150/573]	LR 0.094550	Time 0.402 (0.402)	Data 0.000 (0.002)	Loss 0.6157 (0.7178)	Prec@1 82.031 (75.339)
Epoch: [15][200/573]	LR 0.094550	Time 0.404 (0.402)	Data 0.000 (0.001)	Loss 0.6357 (0.7195)	Prec@1 80.469 (75.340)
Epoch: [15][250/573]	LR 0.094550	Time 0.359 (0.398)	Data 0.000 (0.001)	Loss 0.7563 (0.7223)	Prec@1 75.000 (75.181)
Epoch: [15][300/573]	LR 0.094550	Time 0.313 (0.388)	Data 0.000 (0.001)	Loss 0.6866 (0.7187)	Prec@1 75.781 (75.406)
Epoch: [15][350/573]	LR 0.094550	Time 0.313 (0.377)	Data 0.000 (0.001)	Loss 0.6663 (0.7212)	Prec@1 78.125 (75.391)
Epoch: [15][400/573]	LR 0.094550	Time 0.312 (0.369)	Data 0.000 (0.001)	Loss 0.6368 (0.7215)	Prec@1 76.562 (75.379)
Epoch: [15][450/573]	LR 0.094550	Time 0.311 (0.362)	Data 0.000 (0.001)	Loss 0.8544 (0.7259)	Prec@1 71.875 (75.236)
Epoch: [15][500/573]	LR 0.094550	Time 0.311 (0.357)	Data 0.000 (0.001)	Loss 0.6887 (0.7258)	Prec@1 78.125 (75.225)
Epoch: [15][550/573]	LR 0.094550	Time 0.311 (0.353)	Data 0.000 (0.001)	Loss 0.7868 (0.7273)	Prec@1 72.656 (75.213)
Epoch: [15][573/573]	LR 0.094550	Time 0.141 (0.351)	Data 0.000 (0.001)	Loss 0.6079 (0.7276)	Prec@1 75.610 (75.216)
****************************************
test_set:	 * Prec@1 91.818
****************************************
Epoch: [16][50/573]	LR 0.093815	Time 0.314 (0.318)	Data 0.000 (0.004)	Loss 0.9120 (0.7161)	Prec@1 68.750 (75.438)
Epoch: [16][100/573]	LR 0.093815	Time 0.313 (0.315)	Data 0.000 (0.002)	Loss 0.7887 (0.7064)	Prec@1 72.656 (76.086)
Epoch: [16][150/573]	LR 0.093815	Time 0.315 (0.314)	Data 0.000 (0.001)	Loss 0.7062 (0.7120)	Prec@1 76.562 (75.672)
Epoch: [16][200/573]	LR 0.093815	Time 0.315 (0.314)	Data 0.000 (0.001)	Loss 0.6385 (0.7191)	Prec@1 74.219 (75.426)
Epoch: [16][250/573]	LR 0.093815	Time 0.314 (0.314)	Data 0.000 (0.001)	Loss 0.7324 (0.7172)	Prec@1 75.781 (75.575)
Epoch: [16][300/573]	LR 0.093815	Time 0.312 (0.314)	Data 0.000 (0.001)	Loss 0.8260 (0.7200)	Prec@1 72.656 (75.461)
Epoch: [16][350/573]	LR 0.093815	Time 0.314 (0.314)	Data 0.000 (0.001)	Loss 0.6738 (0.7212)	Prec@1 76.562 (75.440)
Epoch: [16][400/573]	LR 0.093815	Time 0.312 (0.313)	Data 0.000 (0.001)	Loss 0.6562 (0.7187)	Prec@1 77.344 (75.570)
Epoch: [16][450/573]	LR 0.093815	Time 0.309 (0.313)	Data 0.000 (0.001)	Loss 0.6927 (0.7192)	Prec@1 77.344 (75.503)
Epoch: [16][500/573]	LR 0.093815	Time 0.311 (0.313)	Data 0.000 (0.001)	Loss 0.8564 (0.7210)	Prec@1 69.531 (75.469)
Epoch: [16][550/573]	LR 0.093815	Time 0.313 (0.312)	Data 0.000 (0.001)	Loss 0.7633 (0.7210)	Prec@1 75.000 (75.547)
Epoch: [16][573/573]	LR 0.093815	Time 0.141 (0.312)	Data 0.000 (0.001)	Loss 0.7276 (0.7206)	Prec@1 80.488 (75.571)
****************************************
test_set:	 * Prec@1 90.758
****************************************
Epoch: [17][50/573]	LR 0.093037	Time 0.314 (0.318)	Data 0.000 (0.004)	Loss 0.8181 (0.7131)	Prec@1 73.438 (76.031)
Epoch: [17][100/573]	LR 0.093037	Time 0.311 (0.315)	Data 0.000 (0.002)	Loss 0.5736 (0.7168)	Prec@1 80.469 (75.602)
Epoch: [17][150/573]	LR 0.093037	Time 0.314 (0.314)	Data 0.000 (0.002)	Loss 0.5280 (0.7202)	Prec@1 82.031 (75.484)
Epoch: [17][200/573]	LR 0.093037	Time 0.314 (0.314)	Data 0.000 (0.001)	Loss 0.6127 (0.7127)	Prec@1 80.469 (75.723)
Epoch: [17][250/573]	LR 0.093037	Time 0.314 (0.314)	Data 0.000 (0.001)	Loss 0.7673 (0.7137)	Prec@1 76.562 (75.728)
Epoch: [17][300/573]	LR 0.093037	Time 0.312 (0.314)	Data 0.000 (0.001)	Loss 0.7940 (0.7127)	Prec@1 74.219 (75.784)
Epoch: [17][350/573]	LR 0.093037	Time 0.314 (0.313)	Data 0.000 (0.001)	Loss 0.7015 (0.7117)	Prec@1 78.125 (75.801)
Epoch: [17][400/573]	LR 0.093037	Time 0.312 (0.313)	Data 0.000 (0.001)	Loss 0.6959 (0.7124)	Prec@1 74.219 (75.756)
Epoch: [17][450/573]	LR 0.093037	Time 0.310 (0.313)	Data 0.000 (0.001)	Loss 0.7797 (0.7129)	Prec@1 73.438 (75.759)
Epoch: [17][500/573]	LR 0.093037	Time 0.312 (0.312)	Data 0.000 (0.001)	Loss 0.8480 (0.7145)	Prec@1 75.000 (75.700)
Epoch: [17][550/573]	LR 0.093037	Time 0.312 (0.312)	Data 0.000 (0.001)	Loss 0.6434 (0.7166)	Prec@1 76.562 (75.705)
Epoch: [17][573/573]	LR 0.093037	Time 0.139 (0.312)	Data 0.000 (0.001)	Loss 0.7016 (0.7167)	Prec@1 80.488 (75.706)
****************************************
test_set:	 * Prec@1 90.458
****************************************
Epoch: [18][50/573]	LR 0.092216	Time 0.313 (0.317)	Data 0.000 (0.004)	Loss 0.5785 (0.7225)	Prec@1 82.812 (74.922)
Epoch: [18][100/573]	LR 0.092216	Time 0.312 (0.315)	Data 0.000 (0.002)	Loss 0.6137 (0.7036)	Prec@1 82.812 (75.711)
Epoch: [18][150/573]	LR 0.092216	Time 0.314 (0.314)	Data 0.000 (0.001)	Loss 0.6486 (0.7148)	Prec@1 80.469 (75.464)
Epoch: [18][200/573]	LR 0.092216	Time 0.313 (0.314)	Data 0.000 (0.001)	Loss 0.6298 (0.7176)	Prec@1 79.688 (75.410)
Epoch: [18][250/573]	LR 0.092216	Time 0.314 (0.314)	Data 0.000 (0.001)	Loss 0.7259 (0.7204)	Prec@1 74.219 (75.419)
Epoch: [18][300/573]	LR 0.092216	Time 0.312 (0.313)	Data 0.000 (0.001)	Loss 0.7645 (0.7184)	Prec@1 77.344 (75.583)
Epoch: [18][350/573]	LR 0.092216	Time 0.314 (0.313)	Data 0.000 (0.001)	Loss 0.6473 (0.7199)	Prec@1 79.688 (75.538)
Epoch: [18][400/573]	LR 0.092216	Time 0.313 (0.313)	Data 0.000 (0.001)	Loss 0.8474 (0.7184)	Prec@1 70.312 (75.592)
Epoch: [18][450/573]	LR 0.092216	Time 0.311 (0.312)	Data 0.000 (0.001)	Loss 0.7425 (0.7158)	Prec@1 75.781 (75.668)
Epoch: [18][500/573]	LR 0.092216	Time 0.312 (0.312)	Data 0.000 (0.001)	Loss 0.8886 (0.7171)	Prec@1 69.531 (75.652)
Epoch: [18][550/573]	LR 0.092216	Time 0.313 (0.312)	Data 0.000 (0.001)	Loss 0.6717 (0.7173)	Prec@1 78.906 (75.652)
Epoch: [18][573/573]	LR 0.092216	Time 0.138 (0.312)	Data 0.000 (0.001)	Loss 0.6309 (0.7164)	Prec@1 80.488 (75.664)
****************************************
test_set:	 * Prec@1 90.804
****************************************
Epoch: [19][50/573]	LR 0.091354	Time 0.314 (0.317)	Data 0.000 (0.004)	Loss 0.7306 (0.6938)	Prec@1 72.656 (76.016)
Epoch: [19][100/573]	LR 0.091354	Time 0.312 (0.315)	Data 0.000 (0.002)	Loss 0.7626 (0.6988)	Prec@1 75.000 (76.023)
Epoch: [19][150/573]	LR 0.091354	Time 0.314 (0.313)	Data 0.000 (0.002)	Loss 0.6886 (0.7017)	Prec@1 77.344 (76.047)
Epoch: [19][200/573]	LR 0.091354	Time 0.313 (0.313)	Data 0.000 (0.001)	Loss 0.6911 (0.7056)	Prec@1 76.562 (75.883)
Epoch: [19][250/573]	LR 0.091354	Time 0.313 (0.314)	Data 0.000 (0.001)	Loss 0.7751 (0.7076)	Prec@1 73.438 (75.884)
Epoch: [19][300/573]	LR 0.091354	Time 0.312 (0.313)	Data 0.000 (0.001)	Loss 0.8276 (0.7055)	Prec@1 69.531 (75.948)
Epoch: [19][350/573]	LR 0.091354	Time 0.314 (0.313)	Data 0.000 (0.001)	Loss 0.5972 (0.7108)	Prec@1 82.031 (75.821)
Epoch: [19][400/573]	LR 0.091354	Time 0.312 (0.313)	Data 0.000 (0.001)	Loss 0.6300 (0.7090)	Prec@1 78.906 (75.830)
Epoch: [19][450/573]	LR 0.091354	Time 0.311 (0.312)	Data 0.000 (0.001)	Loss 0.7630 (0.7055)	Prec@1 70.312 (75.946)
Epoch: [19][500/573]	LR 0.091354	Time 0.313 (0.312)	Data 0.000 (0.001)	Loss 0.6368 (0.7055)	Prec@1 77.344 (75.984)
Epoch: [19][550/573]	LR 0.091354	Time 0.313 (0.312)	Data 0.000 (0.001)	Loss 0.6874 (0.7060)	Prec@1 78.906 (75.993)
Epoch: [19][573/573]	LR 0.091354	Time 0.139 (0.312)	Data 0.000 (0.001)	Loss 0.6764 (0.7065)	Prec@1 75.610 (75.978)
****************************************
test_set:	 * Prec@1 91.687
****************************************
Epoch: [20][50/573]	LR 0.090451	Time 0.313 (0.318)	Data 0.000 (0.004)	Loss 0.6159 (0.6714)	Prec@1 79.688 (77.141)
Epoch: [20][100/573]	LR 0.090451	Time 0.312 (0.315)	Data 0.000 (0.002)	Loss 0.6707 (0.6801)	Prec@1 75.781 (76.727)
Epoch: [20][150/573]	LR 0.090451	Time 0.314 (0.314)	Data 0.000 (0.002)	Loss 0.7165 (0.6859)	Prec@1 75.781 (76.521)
Epoch: [20][200/573]	LR 0.090451	Time 0.314 (0.314)	Data 0.000 (0.001)	Loss 0.6396 (0.6913)	Prec@1 75.000 (76.293)
Epoch: [20][250/573]	LR 0.090451	Time 0.314 (0.314)	Data 0.000 (0.001)	Loss 0.6136 (0.6886)	Prec@1 79.688 (76.491)
Epoch: [20][300/573]	LR 0.090451	Time 0.312 (0.314)	Data 0.000 (0.001)	Loss 0.6635 (0.6945)	Prec@1 74.219 (76.253)
Epoch: [20][350/573]	LR 0.090451	Time 0.314 (0.313)	Data 0.000 (0.001)	Loss 0.7910 (0.6961)	Prec@1 75.781 (76.283)
Epoch: [20][400/573]	LR 0.090451	Time 0.312 (0.313)	Data 0.000 (0.001)	Loss 0.7956 (0.6959)	Prec@1 69.531 (76.279)
Epoch: [20][450/573]	LR 0.090451	Time 0.311 (0.312)	Data 0.000 (0.001)	Loss 0.5837 (0.6976)	Prec@1 79.688 (76.234)
Epoch: [20][500/573]	LR 0.090451	Time 0.312 (0.312)	Data 0.000 (0.001)	Loss 0.8635 (0.6971)	Prec@1 75.781 (76.275)
Epoch: [20][550/573]	LR 0.090451	Time 0.311 (0.312)	Data 0.000 (0.001)	Loss 0.7317 (0.6989)	Prec@1 78.906 (76.217)
Epoch: [20][573/573]	LR 0.090451	Time 0.140 (0.312)	Data 0.000 (0.001)	Loss 1.1790 (0.7016)	Prec@1 60.976 (76.147)
****************************************
test_set:	 * Prec@1 91.745
****************************************
Epoch: [21][50/573]	LR 0.089508	Time 0.314 (0.319)	Data 0.000 (0.005)	Loss 0.7790 (0.6927)	Prec@1 75.000 (76.312)
Epoch: [21][100/573]	LR 0.089508	Time 0.313 (0.316)	Data 0.000 (0.003)	Loss 0.6659 (0.6961)	Prec@1 78.125 (76.484)
Epoch: [21][150/573]	LR 0.089508	Time 0.314 (0.314)	Data 0.000 (0.002)	Loss 0.7570 (0.6898)	Prec@1 75.781 (76.708)
Epoch: [21][200/573]	LR 0.089508	Time 0.314 (0.314)	Data 0.000 (0.002)	Loss 0.8610 (0.6934)	Prec@1 72.656 (76.609)
Epoch: [21][250/573]	LR 0.089508	Time 0.313 (0.314)	Data 0.000 (0.001)	Loss 0.5723 (0.6969)	Prec@1 79.688 (76.525)
Epoch: [21][300/573]	LR 0.089508	Time 0.312 (0.314)	Data 0.000 (0.001)	Loss 0.7541 (0.7009)	Prec@1 75.781 (76.388)
Epoch: [21][350/573]	LR 0.089508	Time 0.313 (0.313)	Data 0.000 (0.001)	Loss 0.7130 (0.7006)	Prec@1 77.344 (76.415)
Epoch: [21][400/573]	LR 0.089508	Time 0.312 (0.313)	Data 0.000 (0.001)	Loss 0.7688 (0.6994)	Prec@1 76.562 (76.426)
Epoch: [21][450/573]	LR 0.089508	Time 0.311 (0.313)	Data 0.000 (0.001)	Loss 0.7299 (0.6974)	Prec@1 75.000 (76.517)
Epoch: [21][500/573]	LR 0.089508	Time 0.312 (0.312)	Data 0.000 (0.001)	Loss 0.9424 (0.6983)	Prec@1 69.531 (76.487)
Epoch: [21][550/573]	LR 0.089508	Time 0.312 (0.312)	Data 0.000 (0.001)	Loss 0.7687 (0.6985)	Prec@1 74.219 (76.446)
Epoch: [21][573/573]	LR 0.089508	Time 0.139 (0.312)	Data 0.000 (0.001)	Loss 0.8882 (0.6987)	Prec@1 63.415 (76.432)
****************************************
test_set:	 * Prec@1 91.276
****************************************
Epoch: [22][50/573]	LR 0.088526	Time 0.314 (0.317)	Data 0.000 (0.004)	Loss 0.6768 (0.6993)	Prec@1 77.344 (76.438)
Epoch: [22][100/573]	LR 0.088526	Time 0.312 (0.315)	Data 0.000 (0.002)	Loss 0.6339 (0.7006)	Prec@1 77.344 (76.383)
Epoch: [22][150/573]	LR 0.088526	Time 0.314 (0.314)	Data 0.000 (0.001)	Loss 0.5307 (0.6904)	Prec@1 83.594 (76.630)
Epoch: [22][200/573]	LR 0.088526	Time 0.314 (0.314)	Data 0.000 (0.001)	Loss 0.6309 (0.6924)	Prec@1 79.688 (76.484)
Epoch: [22][250/573]	LR 0.088526	Time 0.314 (0.314)	Data 0.000 (0.001)	Loss 0.6344 (0.6929)	Prec@1 76.562 (76.416)
Epoch: [22][300/573]	LR 0.088526	Time 0.313 (0.314)	Data 0.000 (0.001)	Loss 0.7264 (0.6941)	Prec@1 75.781 (76.302)
Epoch: [22][350/573]	LR 0.088526	Time 0.314 (0.313)	Data 0.000 (0.001)	Loss 0.5786 (0.6898)	Prec@1 81.250 (76.435)
Epoch: [22][400/573]	LR 0.088526	Time 0.311 (0.313)	Data 0.000 (0.001)	Loss 0.7345 (0.6921)	Prec@1 75.781 (76.355)
Epoch: [22][450/573]	LR 0.088526	Time 0.310 (0.313)	Data 0.000 (0.001)	Loss 0.6323 (0.6923)	Prec@1 78.125 (76.330)
Epoch: [22][500/573]	LR 0.088526	Time 0.311 (0.312)	Data 0.000 (0.001)	Loss 0.6160 (0.6914)	Prec@1 76.562 (76.372)
Epoch: [22][550/573]	LR 0.088526	Time 0.311 (0.312)	Data 0.000 (0.001)	Loss 0.5386 (0.6928)	Prec@1 80.469 (76.382)
Epoch: [22][573/573]	LR 0.088526	Time 0.140 (0.312)	Data 0.000 (0.001)	Loss 0.9610 (0.6934)	Prec@1 60.976 (76.372)
****************************************
test_set:	 * Prec@1 90.201
****************************************
Epoch: [23][50/573]	LR 0.087506	Time 0.314 (0.317)	Data 0.000 (0.004)	Loss 0.5200 (0.7053)	Prec@1 81.250 (75.875)
Epoch: [23][100/573]	LR 0.087506	Time 0.313 (0.315)	Data 0.000 (0.002)	Loss 0.5754 (0.6963)	Prec@1 78.906 (76.523)
Epoch: [23][150/573]	LR 0.087506	Time 0.314 (0.313)	Data 0.000 (0.001)	Loss 0.6388 (0.7002)	Prec@1 78.906 (76.245)
Epoch: [23][200/573]	LR 0.087506	Time 0.314 (0.314)	Data 0.000 (0.001)	Loss 0.6283 (0.6978)	Prec@1 79.688 (76.289)
Epoch: [23][250/573]	LR 0.087506	Time 0.314 (0.314)	Data 0.000 (0.001)	Loss 0.9289 (0.6944)	Prec@1 66.406 (76.506)
Epoch: [23][300/573]	LR 0.087506	Time 0.312 (0.313)	Data 0.000 (0.001)	Loss 0.8257 (0.6927)	Prec@1 72.656 (76.583)
Epoch: [23][350/573]	LR 0.087506	Time 0.314 (0.313)	Data 0.000 (0.001)	Loss 0.7657 (0.6926)	Prec@1 75.781 (76.600)
Epoch: [23][400/573]	LR 0.087506	Time 0.224 (0.305)	Data 0.000 (0.001)	Loss 0.5566 (0.6942)	Prec@1 79.688 (76.510)
Epoch: [23][450/573]	LR 0.087506	Time 0.221 (0.296)	Data 0.000 (0.001)	Loss 0.6207 (0.6944)	Prec@1 82.031 (76.526)
Epoch: [23][500/573]	LR 0.087506	Time 0.222 (0.288)	Data 0.000 (0.001)	Loss 0.8014 (0.6922)	Prec@1 71.875 (76.594)
Epoch: [23][550/573]	LR 0.087506	Time 0.221 (0.282)	Data 0.000 (0.001)	Loss 0.7321 (0.6917)	Prec@1 73.438 (76.572)
Epoch: [23][573/573]	LR 0.087506	Time 0.101 (0.279)	Data 0.000 (0.001)	Loss 0.8782 (0.6919)	Prec@1 68.293 (76.565)
****************************************
test_set:	 * Prec@1 90.892
****************************************
Epoch: [24][50/573]	LR 0.086448	Time 0.223 (0.229)	Data 0.000 (0.006)	Loss 0.5752 (0.6810)	Prec@1 81.250 (77.672)
Epoch: [24][100/573]	LR 0.086448	Time 0.222 (0.225)	Data 0.000 (0.003)	Loss 0.6135 (0.6755)	Prec@1 79.688 (77.555)
Epoch: [24][150/573]	LR 0.086448	Time 0.224 (0.223)	Data 0.000 (0.002)	Loss 0.5985 (0.6728)	Prec@1 80.469 (77.484)
Epoch: [24][200/573]	LR 0.086448	Time 0.223 (0.223)	Data 0.000 (0.002)	Loss 0.4462 (0.6740)	Prec@1 84.375 (77.301)
Epoch: [24][250/573]	LR 0.086448	Time 0.224 (0.223)	Data 0.000 (0.001)	Loss 0.7729 (0.6786)	Prec@1 75.000 (77.231)
Epoch: [24][300/573]	LR 0.086448	Time 0.224 (0.223)	Data 0.000 (0.001)	Loss 0.7410 (0.6797)	Prec@1 71.094 (77.193)
Epoch: [24][350/573]	LR 0.086448	Time 0.223 (0.223)	Data 0.000 (0.001)	Loss 0.7042 (0.6797)	Prec@1 76.562 (77.181)
Epoch: [24][400/573]	LR 0.086448	Time 0.224 (0.223)	Data 0.000 (0.001)	Loss 0.6875 (0.6857)	Prec@1 75.000 (76.955)
Epoch: [24][450/573]	LR 0.086448	Time 0.220 (0.223)	Data 0.000 (0.001)	Loss 0.6307 (0.6855)	Prec@1 80.469 (76.891)
Epoch: [24][500/573]	LR 0.086448	Time 0.223 (0.223)	Data 0.000 (0.001)	Loss 0.6323 (0.6864)	Prec@1 75.000 (76.861)
Epoch: [24][550/573]	LR 0.086448	Time 0.223 (0.222)	Data 0.000 (0.001)	Loss 0.6305 (0.6864)	Prec@1 78.125 (76.847)
Epoch: [24][573/573]	LR 0.086448	Time 0.099 (0.222)	Data 0.000 (0.001)	Loss 0.6670 (0.6869)	Prec@1 75.610 (76.825)
****************************************
test_set:	 * Prec@1 91.111
****************************************
Epoch: [25][50/573]	LR 0.085355	Time 0.224 (0.228)	Data 0.000 (0.004)	Loss 0.5153 (0.6897)	Prec@1 82.031 (76.547)
Epoch: [25][100/573]	LR 0.085355	Time 0.223 (0.225)	Data 0.000 (0.002)	Loss 0.5227 (0.6862)	Prec@1 82.812 (76.695)
Epoch: [25][150/573]	LR 0.085355	Time 0.223 (0.223)	Data 0.000 (0.001)	Loss 0.7038 (0.6848)	Prec@1 78.125 (76.755)
Epoch: [25][200/573]	LR 0.085355	Time 0.225 (0.224)	Data 0.000 (0.001)	Loss 0.6020 (0.6881)	Prec@1 79.688 (76.547)
Epoch: [25][250/573]	LR 0.085355	Time 0.224 (0.224)	Data 0.000 (0.001)	Loss 0.8890 (0.6851)	Prec@1 75.000 (76.644)
Epoch: [25][300/573]	LR 0.085355	Time 0.224 (0.224)	Data 0.000 (0.001)	Loss 0.5202 (0.6872)	Prec@1 83.594 (76.615)
Epoch: [25][350/573]	LR 0.085355	Time 0.224 (0.224)	Data 0.000 (0.001)	Loss 0.6662 (0.6852)	Prec@1 74.219 (76.754)
Epoch: [25][400/573]	LR 0.085355	Time 0.224 (0.224)	Data 0.000 (0.001)	Loss 0.4408 (0.6835)	Prec@1 86.719 (76.836)
Epoch: [25][450/573]	LR 0.085355	Time 0.221 (0.223)	Data 0.000 (0.001)	Loss 0.7207 (0.6824)	Prec@1 77.344 (76.870)
Epoch: [25][500/573]	LR 0.085355	Time 0.221 (0.223)	Data 0.000 (0.001)	Loss 0.5265 (0.6824)	Prec@1 81.250 (76.825)
Epoch: [25][550/573]	LR 0.085355	Time 0.222 (0.223)	Data 0.000 (0.001)	Loss 0.6032 (0.6825)	Prec@1 78.125 (76.862)
Epoch: [25][573/573]	LR 0.085355	Time 0.101 (0.223)	Data 0.000 (0.001)	Loss 0.6850 (0.6827)	Prec@1 73.171 (76.840)
****************************************
test_set:	 * Prec@1 91.510
****************************************
Epoch: [26][50/573]	LR 0.084227	Time 0.224 (0.228)	Data 0.000 (0.004)	Loss 0.5876 (0.6799)	Prec@1 77.344 (76.719)
Epoch: [26][100/573]	LR 0.084227	Time 0.223 (0.225)	Data 0.000 (0.002)	Loss 0.5344 (0.6821)	Prec@1 81.250 (76.922)
Epoch: [26][150/573]	LR 0.084227	Time 0.224 (0.224)	Data 0.000 (0.002)	Loss 0.5967 (0.6786)	Prec@1 81.250 (77.193)
Epoch: [26][200/573]	LR 0.084227	Time 0.225 (0.224)	Data 0.000 (0.001)	Loss 0.5186 (0.6827)	Prec@1 84.375 (76.992)
Epoch: [26][250/573]	LR 0.084227	Time 0.224 (0.224)	Data 0.000 (0.001)	Loss 0.7281 (0.6770)	Prec@1 75.781 (77.138)
Epoch: [26][300/573]	LR 0.084227	Time 0.224 (0.224)	Data 0.000 (0.001)	Loss 0.6672 (0.6754)	Prec@1 78.906 (77.104)
Epoch: [26][350/573]	LR 0.084227	Time 0.224 (0.224)	Data 0.000 (0.001)	Loss 0.5434 (0.6772)	Prec@1 80.469 (77.056)
Epoch: [26][400/573]	LR 0.084227	Time 0.224 (0.224)	Data 0.000 (0.001)	Loss 0.8411 (0.6792)	Prec@1 75.781 (76.961)
Epoch: [26][450/573]	LR 0.084227	Time 0.221 (0.224)	Data 0.000 (0.001)	Loss 0.6859 (0.6766)	Prec@1 75.000 (76.951)
Epoch: [26][500/573]	LR 0.084227	Time 0.222 (0.223)	Data 0.000 (0.001)	Loss 0.7371 (0.6774)	Prec@1 75.781 (76.931)
Epoch: [26][550/573]	LR 0.084227	Time 0.222 (0.223)	Data 0.000 (0.001)	Loss 0.7011 (0.6782)	Prec@1 75.000 (76.886)
Epoch: [26][573/573]	LR 0.084227	Time 0.100 (0.223)	Data 0.000 (0.001)	Loss 0.4162 (0.6780)	Prec@1 92.683 (76.891)
****************************************
test_set:	 * Prec@1 92.325
****************************************
Epoch: [27][50/573]	LR 0.083066	Time 0.224 (0.228)	Data 0.000 (0.004)	Loss 0.5097 (0.6552)	Prec@1 85.938 (77.969)
Epoch: [27][100/573]	LR 0.083066	Time 0.222 (0.225)	Data 0.000 (0.002)	Loss 0.6971 (0.6559)	Prec@1 78.906 (77.805)
Epoch: [27][150/573]	LR 0.083066	Time 0.224 (0.224)	Data 0.000 (0.002)	Loss 0.6033 (0.6662)	Prec@1 78.906 (77.354)
Epoch: [27][200/573]	LR 0.083066	Time 0.224 (0.224)	Data 0.000 (0.001)	Loss 0.6601 (0.6679)	Prec@1 77.344 (77.285)
Epoch: [27][250/573]	LR 0.083066	Time 0.225 (0.224)	Data 0.000 (0.001)	Loss 0.5828 (0.6707)	Prec@1 78.906 (77.166)
Epoch: [27][300/573]	LR 0.083066	Time 0.224 (0.224)	Data 0.000 (0.001)	Loss 0.6303 (0.6678)	Prec@1 78.125 (77.349)
